# JRE version: Java(TM) SE Runtime Environment (18.0.2.1+1) (build 18.0.2.1+1-1)
# Java VM: Java HotSpot(TM) 64-Bit Server VM (18.0.2.1+1-1, mixed mode, sharing, tiered, compressed oops, compressed class ptrs, g1 gc, windows-amd64)
GC Precious Log:
 CardTable entry size: 512
 Card Set container configuration: InlinePtr #cards 4 size 8 Array Of Cards #cards 32 size 80 Howl #buckets 8 coarsen threshold 7372 Howl Bitmap #cards 1024 size 144 coarsen threshold 921 Card regions per heap region 1 cards per card region 8192
 CPUs: 14 total, 14 available
 Memory: 32212M
 Large Page Support: Disabled
 NUMA Support: Disabled
 Compressed Oops: Enabled (Zero based)
 Heap Region Size: 4M
 Heap Min Capacity: 8M
 Heap Initial Capacity: 504M
 Heap Max Capacity: 8056M
 Pre-touch: Disabled
 Parallel Workers: 11
 Concurrent Workers: 3
 Concurrent Refinement Workers: 11
 Periodic GC: Disabled
Heap:
 garbage-first heap   total 1044480K, used 361491K [0x0000000608800000, 0x0000000800000000)
  region size 4096K, 34 young (139264K), 5 survivors (20480K)
 Metaspace       used 38183K, committed 38848K, reserved 1114112K
  class space    used 4130K, committed 4480K, reserved 1048576K
GC Heap History (20 events):
Event: 32.162 GC heap before
{Heap before GC invocations=28 (full 0):
 garbage-first heap   total 364544K, used 292887K [0x0000000608800000, 0x0000000800000000)
  region size 4096K, 43 young (176128K), 6 survivors (24576K)
 Metaspace       used 31261K, committed 31808K, reserved 1114112K
  class space    used 3366K, committed 3584K, reserved 1048576K
}
Event: 32.191 GC heap after
{Heap after GC invocations=29 (full 0):
 garbage-first heap   total 364544K, used 150989K [0x0000000608800000, 0x0000000800000000)
  region size 4096K, 6 young (24576K), 6 survivors (24576K)
 Metaspace       used 31261K, committed 31808K, reserved 1114112K
  class space    used 3366K, committed 3584K, reserved 1048576K
}
Event: 32.823 GC heap before
{Heap before GC invocations=29 (full 0):
 garbage-first heap   total 364544K, used 302541K [0x0000000608800000, 0x0000000800000000)
  region size 4096K, 42 young (172032K), 6 survivors (24576K)
 Metaspace       used 31270K, committed 31808K, reserved 1114112K
  class space    used 3366K, committed 3584K, reserved 1048576K
}
Event: 32.855 GC heap after
{Heap after GC invocations=30 (full 0):
 garbage-first heap   total 495616K, used 163440K [0x0000000608800000, 0x0000000800000000)
  region size 4096K, 5 young (20480K), 5 survivors (20480K)
 Metaspace       used 31270K, committed 31808K, reserved 1114112K
  class space    used 3366K, committed 3584K, reserved 1048576K
}
Event: 33.582 GC heap before
{Heap before GC invocations=30 (full 0):
 garbage-first heap   total 495616K, used 401008K [0x0000000608800000, 0x0000000800000000)
  region size 4096K, 63 young (258048K), 5 survivors (20480K)
 Metaspace       used 31472K, committed 31936K, reserved 1114112K
  class space    used 3388K, committed 3584K, reserved 1048576K
}
Event: 33.601 GC heap after
{Heap after GC invocations=31 (full 0):
 garbage-first heap   total 495616K, used 170058K [0x0000000608800000, 0x0000000800000000)
  region size 4096K, 4 young (16384K), 4 survivors (16384K)
 Metaspace       used 31472K, committed 31936K, reserved 1114112K
  class space    used 3388K, committed 3584K, reserved 1048576K
}
Event: 34.054 GC heap before
{Heap before GC invocations=31 (full 0):
 garbage-first heap   total 495616K, used 411722K [0x0000000608800000, 0x0000000800000000)
  region size 4096K, 63 young (258048K), 4 survivors (16384K)
 Metaspace       used 31545K, committed 32064K, reserved 1114112K
  class space    used 3390K, committed 3648K, reserved 1048576K
}
Event: 34.073 GC heap after
{Heap after GC invocations=32 (full 0):
 garbage-first heap   total 495616K, used 181558K [0x0000000608800000, 0x0000000800000000)
  region size 4096K, 7 young (28672K), 7 survivors (28672K)
 Metaspace       used 31545K, committed 32064K, reserved 1114112K
  class space    used 3390K, committed 3648K, reserved 1048576K
}
Event: 34.525 GC heap before
{Heap before GC invocations=32 (full 0):
 garbage-first heap   total 495616K, used 419126K [0x0000000608800000, 0x0000000800000000)
  region size 4096K, 63 young (258048K), 7 survivors (28672K)
 Metaspace       used 31562K, committed 32064K, reserved 1114112K
  class space    used 3391K, committed 3648K, reserved 1048576K
}
Event: 34.553 GC heap after
{Heap after GC invocations=33 (full 0):
 garbage-first heap   total 495616K, used 201431K [0x0000000608800000, 0x0000000800000000)
  region size 4096K, 7 young (28672K), 7 survivors (28672K)
 Metaspace       used 31562K, committed 32064K, reserved 1114112K
  class space    used 3391K, committed 3648K, reserved 1048576K
}
Event: 34.929 GC heap before
{Heap before GC invocations=33 (full 0):
 garbage-first heap   total 495616K, used 406231K [0x0000000608800000, 0x0000000800000000)
  region size 4096K, 57 young (233472K), 7 survivors (28672K)
 Metaspace       used 31574K, committed 32064K, reserved 1114112K
  class space    used 3393K, committed 3648K, reserved 1048576K
}
Event: 34.955 GC heap after
{Heap after GC invocations=34 (full 0):
 garbage-first heap   total 708608K, used 211714K [0x0000000608800000, 0x0000000800000000)
  region size 4096K, 6 young (24576K), 6 survivors (24576K)
 Metaspace       used 31574K, committed 32064K, reserved 1114112K
  class space    used 3393K, committed 3648K, reserved 1048576K
}
Event: 35.667 GC heap before
{Heap before GC invocations=34 (full 0):
 garbage-first heap   total 708608K, used 576258K [0x0000000608800000, 0x0000000800000000)
  region size 4096K, 95 young (389120K), 6 survivors (24576K)
 Metaspace       used 31627K, committed 32128K, reserved 1114112K
  class space    used 3394K, committed 3648K, reserved 1048576K
}
Event: 35.703 GC heap after
{Heap after GC invocations=35 (full 0):
 garbage-first heap   total 708608K, used 227974K [0x0000000608800000, 0x0000000800000000)
  region size 4096K, 10 young (40960K), 10 survivors (40960K)
 Metaspace       used 31627K, committed 32128K, reserved 1114112K
  class space    used 3394K, committed 3648K, reserved 1048576K
}
Event: 36.227 GC heap before
{Heap before GC invocations=35 (full 0):
 garbage-first heap   total 708608K, used 576134K [0x0000000608800000, 0x0000000800000000)
  region size 4096K, 95 young (389120K), 10 survivors (40960K)
 Metaspace       used 31634K, committed 32128K, reserved 1114112K
  class space    used 3394K, committed 3648K, reserved 1048576K
}
Event: 36.261 GC heap after
{Heap after GC invocations=36 (full 0):
 garbage-first heap   total 708608K, used 242145K [0x0000000608800000, 0x0000000800000000)
  region size 4096K, 8 young (32768K), 8 survivors (32768K)
 Metaspace       used 31634K, committed 32128K, reserved 1114112K
  class space    used 3394K, committed 3648K, reserved 1048576K
}
Event: 37.143 GC heap before
{Heap before GC invocations=36 (full 0):
 garbage-first heap   total 708608K, used 582113K [0x0000000608800000, 0x0000000800000000)
  region size 4096K, 91 young (372736K), 8 survivors (32768K)
 Metaspace       used 31646K, committed 32192K, reserved 1114112K
  class space    used 3397K, committed 3648K, reserved 1048576K
}
Event: 37.165 GC heap after
{Heap after GC invocations=37 (full 0):
 garbage-first heap   total 708608K, used 243222K [0x0000000608800000, 0x0000000800000000)
  region size 4096K, 4 young (16384K), 4 survivors (16384K)
 Metaspace       used 31646K, committed 32192K, reserved 1114112K
  class space    used 3397K, committed 3648K, reserved 1048576K
}
Event: 40.196 GC heap before
{Heap before GC invocations=37 (full 0):
 garbage-first heap   total 708608K, used 595478K [0x0000000608800000, 0x0000000800000000)
  region size 4096K, 90 young (368640K), 4 survivors (16384K)
 Metaspace       used 37811K, committed 38464K, reserved 1114112K
  class space    used 4100K, committed 4416K, reserved 1048576K
}
Event: 40.219 GC heap after
{Heap after GC invocations=38 (full 0):
 garbage-first heap   total 1044480K, used 246803K [0x0000000608800000, 0x0000000800000000)
  region size 4096K, 5 young (20480K), 5 survivors (20480K)
 Metaspace       used 37811K, committed 38464K, reserved 1114112K
  class space    used 4100K, committed 4416K, reserved 1048576K
}

