# JRE version: Java(TM) SE Runtime Environment (18.0.2.1+1) (build 18.0.2.1+1-1)
# Java VM: Java HotSpot(TM) 64-Bit Server VM (18.0.2.1+1-1, mixed mode, sharing, tiered, compressed oops, compressed class ptrs, g1 gc, windows-amd64)
GC Precious Log:
 CardTable entry size: 512
 Card Set container configuration: InlinePtr #cards 4 size 8 Array Of Cards #cards 32 size 80 Howl #buckets 8 coarsen threshold 7372 Howl Bitmap #cards 1024 size 144 coarsen threshold 921 Card regions per heap region 1 cards per card region 8192
 CPUs: 14 total, 14 available
 Memory: 32212M
 Large Page Support: Disabled
 NUMA Support: Disabled
 Compressed Oops: Enabled (Zero based)
 Heap Region Size: 4M
 Heap Min Capacity: 8M
 Heap Initial Capacity: 504M
 Heap Max Capacity: 8056M
 Pre-touch: Disabled
 Parallel Workers: 11
 Concurrent Workers: 3
 Concurrent Refinement Workers: 11
 Periodic GC: Disabled
Heap:
 garbage-first heap   total 524288K, used 172920K [0x0000000608800000, 0x0000000800000000)
  region size 4096K, 2 young (8192K), 2 survivors (8192K)
 Metaspace       used 30925K, committed 31424K, reserved 1114112K
  class space    used 3306K, committed 3584K, reserved 1048576K
GC Heap History (20 events):
Event: 43.132 GC heap after
{Heap after GC invocations=26 (full 0):
 garbage-first heap   total 245760K, used 129983K [0x0000000608800000, 0x0000000800000000)
  region size 4096K, 2 young (8192K), 2 survivors (8192K)
 Metaspace       used 30152K, committed 30592K, reserved 1114112K
  class space    used 3240K, committed 3456K, reserved 1048576K
}
Event: 44.068 GC heap before
{Heap before GC invocations=26 (full 0):
 garbage-first heap   total 245760K, used 203711K [0x0000000608800000, 0x0000000800000000)
  region size 4096K, 20 young (81920K), 2 survivors (8192K)
 Metaspace       used 30520K, committed 31040K, reserved 1114112K
  class space    used 3282K, committed 3520K, reserved 1048576K
}
Event: 44.075 GC heap after
{Heap after GC invocations=27 (full 0):
 garbage-first heap   total 245760K, used 131149K [0x0000000608800000, 0x0000000800000000)
  region size 4096K, 2 young (8192K), 2 survivors (8192K)
 Metaspace       used 30520K, committed 31040K, reserved 1114112K
  class space    used 3282K, committed 3520K, reserved 1048576K
}
Event: 44.861 GC heap before
{Heap before GC invocations=28 (full 0):
 garbage-first heap   total 245760K, used 204877K [0x0000000608800000, 0x0000000800000000)
  region size 4096K, 20 young (81920K), 2 survivors (8192K)
 Metaspace       used 30625K, committed 31104K, reserved 1114112K
  class space    used 3284K, committed 3520K, reserved 1048576K
}
Event: 44.875 GC heap after
{Heap after GC invocations=29 (full 0):
 garbage-first heap   total 245760K, used 135807K [0x0000000608800000, 0x0000000800000000)
  region size 4096K, 3 young (12288K), 3 survivors (12288K)
 Metaspace       used 30625K, committed 31104K, reserved 1114112K
  class space    used 3284K, committed 3520K, reserved 1048576K
}
Event: 44.936 GC heap before
{Heap before GC invocations=29 (full 0):
 garbage-first heap   total 245760K, used 139903K [0x0000000608800000, 0x0000000800000000)
  region size 4096K, 4 young (16384K), 3 survivors (12288K)
 Metaspace       used 30629K, committed 31104K, reserved 1114112K
  class space    used 3285K, committed 3520K, reserved 1048576K
}
Event: 44.952 GC heap after
{Heap after GC invocations=30 (full 0):
 garbage-first heap   total 294912K, used 134098K [0x0000000608800000, 0x0000000800000000)
  region size 4096K, 1 young (4096K), 1 survivors (4096K)
 Metaspace       used 30629K, committed 31104K, reserved 1114112K
  class space    used 3285K, committed 3520K, reserved 1048576K
}
Event: 46.248 GC heap before
{Heap before GC invocations=30 (full 0):
 garbage-first heap   total 294912K, used 240594K [0x0000000608800000, 0x0000000800000000)
  region size 4096K, 27 young (110592K), 1 survivors (4096K)
 Metaspace       used 30728K, committed 31232K, reserved 1114112K
  class space    used 3288K, committed 3520K, reserved 1048576K
}
Event: 46.263 GC heap after
{Heap after GC invocations=31 (full 0):
 garbage-first heap   total 294912K, used 139528K [0x0000000608800000, 0x0000000800000000)
  region size 4096K, 2 young (8192K), 2 survivors (8192K)
 Metaspace       used 30728K, committed 31232K, reserved 1114112K
  class space    used 3288K, committed 3520K, reserved 1048576K
}
Event: 47.271 GC heap before
{Heap before GC invocations=32 (full 0):
 garbage-first heap   total 294912K, used 237832K [0x0000000608800000, 0x0000000800000000)
  region size 4096K, 27 young (110592K), 2 survivors (8192K)
 Metaspace       used 30733K, committed 31232K, reserved 1114112K
  class space    used 3288K, committed 3520K, reserved 1048576K
}
Event: 47.295 GC heap after
{Heap after GC invocations=33 (full 0):
 garbage-first heap   total 294912K, used 146555K [0x0000000608800000, 0x0000000800000000)
  region size 4096K, 4 young (16384K), 4 survivors (16384K)
 Metaspace       used 30733K, committed 31232K, reserved 1114112K
  class space    used 3288K, committed 3520K, reserved 1048576K
}
Event: 47.837 GC heap before
{Heap before GC invocations=33 (full 0):
 garbage-first heap   total 294912K, used 240763K [0x0000000608800000, 0x0000000800000000)
  region size 4096K, 27 young (110592K), 4 survivors (16384K)
 Metaspace       used 30757K, committed 31232K, reserved 1114112K
  class space    used 3288K, committed 3520K, reserved 1048576K
}
Event: 47.863 GC heap after
{Heap after GC invocations=34 (full 0):
 garbage-first heap   total 294912K, used 152883K [0x0000000608800000, 0x0000000800000000)
  region size 4096K, 4 young (16384K), 4 survivors (16384K)
 Metaspace       used 30757K, committed 31232K, reserved 1114112K
  class space    used 3288K, committed 3520K, reserved 1048576K
}
Event: 48.429 GC heap before
{Heap before GC invocations=35 (full 0):
 garbage-first heap   total 294912K, used 242995K [0x0000000608800000, 0x0000000800000000)
  region size 4096K, 26 young (106496K), 4 survivors (16384K)
 Metaspace       used 30757K, committed 31232K, reserved 1114112K
  class space    used 3288K, committed 3520K, reserved 1048576K
}
Event: 48.457 GC heap after
{Heap after GC invocations=36 (full 0):
 garbage-first heap   total 294912K, used 158035K [0x0000000608800000, 0x0000000800000000)
  region size 4096K, 3 young (12288K), 3 survivors (12288K)
 Metaspace       used 30757K, committed 31232K, reserved 1114112K
  class space    used 3288K, committed 3520K, reserved 1048576K
}
Event: 49.041 GC heap before
{Heap before GC invocations=36 (full 0):
 garbage-first heap   total 294912K, used 235859K [0x0000000608800000, 0x0000000800000000)
  region size 4096K, 23 young (94208K), 3 survivors (12288K)
 Metaspace       used 30915K, committed 31424K, reserved 1114112K
  class space    used 3306K, committed 3584K, reserved 1048576K
}
Event: 49.067 GC heap after
{Heap after GC invocations=37 (full 0):
 garbage-first heap   total 294912K, used 163054K [0x0000000608800000, 0x0000000800000000)
  region size 4096K, 3 young (12288K), 3 survivors (12288K)
 Metaspace       used 30915K, committed 31424K, reserved 1114112K
  class space    used 3306K, committed 3584K, reserved 1048576K
}
Event: 49.658 GC heap before
{Heap before GC invocations=38 (full 0):
 garbage-first heap   total 323584K, used 244974K [0x0000000608800000, 0x0000000800000000)
  region size 4096K, 22 young (90112K), 3 survivors (12288K)
 Metaspace       used 30916K, committed 31424K, reserved 1114112K
  class space    used 3306K, committed 3584K, reserved 1048576K
}
Event: 49.681 GC heap after
{Heap after GC invocations=39 (full 0):
 garbage-first heap   total 323584K, used 172213K [0x0000000608800000, 0x0000000800000000)
  region size 4096K, 3 young (12288K), 3 survivors (12288K)
 Metaspace       used 30916K, committed 31424K, reserved 1114112K
  class space    used 3306K, committed 3584K, reserved 1048576K
}
Event: 50.073 GC heap before
{Heap before GC invocations=39 (full 0):
 garbage-first heap   total 323584K, used 270517K [0x0000000608800000, 0x0000000800000000)
  region size 4096K, 27 young (110592K), 3 survivors (12288K)
 Metaspace       used 30925K, committed 31424K, reserved 1114112K
  class space    used 3306K, committed 3584K, reserved 1048576K
}

