# JRE version: Java(TM) SE Runtime Environment (18.0.2.1+1) (build 18.0.2.1+1-1)
# Java VM: Java HotSpot(TM) 64-Bit Server VM (18.0.2.1+1-1, mixed mode, sharing, tiered, compressed oops, compressed class ptrs, g1 gc, windows-amd64)
GC Precious Log:
 CardTable entry size: 512
 Card Set container configuration: InlinePtr #cards 4 size 8 Array Of Cards #cards 32 size 80 Howl #buckets 8 coarsen threshold 7372 Howl Bitmap #cards 1024 size 144 coarsen threshold 921 Card regions per heap region 1 cards per card region 8192
 CPUs: 14 total, 14 available
 Memory: 32212M
 Large Page Support: Disabled
 NUMA Support: Disabled
 Compressed Oops: Enabled (Zero based)
 Heap Region Size: 4M
 Heap Min Capacity: 8M
 Heap Initial Capacity: 504M
 Heap Max Capacity: 8056M
 Pre-touch: Disabled
 Parallel Workers: 11
 Concurrent Workers: 3
 Concurrent Refinement Workers: 11
 Periodic GC: Disabled
Heap:
 garbage-first heap   total 1048576K, used 346155K [0x0000000608800000, 0x0000000800000000)
  region size 4096K, 3 young (12288K), 3 survivors (12288K)
 Metaspace       used 40481K, committed 41152K, reserved 1114112K
  class space    used 4343K, committed 4672K, reserved 1048576K
GC Heap History (20 events):
Event: 48.898 GC heap after
{Heap after GC invocations=32 (full 0):
 garbage-first heap   total 1048576K, used 251607K [0x0000000608800000, 0x0000000800000000)
  region size 4096K, 9 young (36864K), 9 survivors (36864K)
 Metaspace       used 38365K, committed 39040K, reserved 1114112K
  class space    used 4148K, committed 4480K, reserved 1048576K
}
Event: 52.872 GC heap before
{Heap before GC invocations=32 (full 0):
 garbage-first heap   total 1048576K, used 841431K [0x0000000608800000, 0x0000000800000000)
  region size 4096K, 153 young (626688K), 9 survivors (36864K)
 Metaspace       used 38791K, committed 39488K, reserved 1114112K
  class space    used 4173K, committed 4544K, reserved 1048576K
}
Event: 52.906 GC heap after
{Heap after GC invocations=33 (full 0):
 garbage-first heap   total 1048576K, used 252479K [0x0000000608800000, 0x0000000800000000)
  region size 4096K, 9 young (36864K), 9 survivors (36864K)
 Metaspace       used 38791K, committed 39488K, reserved 1114112K
  class space    used 4173K, committed 4544K, reserved 1048576K
}
Event: 55.441 GC heap before
{Heap before GC invocations=33 (full 0):
 garbage-first heap   total 1048576K, used 842303K [0x0000000608800000, 0x0000000800000000)
  region size 4096K, 153 young (626688K), 9 survivors (36864K)
 Metaspace       used 38983K, committed 39680K, reserved 1114112K
  class space    used 4181K, committed 4544K, reserved 1048576K
}
Event: 55.470 GC heap after
{Heap after GC invocations=34 (full 0):
 garbage-first heap   total 1048576K, used 252829K [0x0000000608800000, 0x0000000800000000)
  region size 4096K, 9 young (36864K), 9 survivors (36864K)
 Metaspace       used 38983K, committed 39680K, reserved 1114112K
  class space    used 4181K, committed 4544K, reserved 1048576K
}
Event: 57.480 GC heap before
{Heap before GC invocations=34 (full 0):
 garbage-first heap   total 1048576K, used 842653K [0x0000000608800000, 0x0000000800000000)
  region size 4096K, 153 young (626688K), 9 survivors (36864K)
 Metaspace       used 39100K, committed 39808K, reserved 1114112K
  class space    used 4185K, committed 4544K, reserved 1048576K
}
Event: 57.506 GC heap after
{Heap after GC invocations=35 (full 0):
 garbage-first heap   total 1048576K, used 254064K [0x0000000608800000, 0x0000000800000000)
  region size 4096K, 10 young (40960K), 10 survivors (40960K)
 Metaspace       used 39100K, committed 39808K, reserved 1114112K
  class space    used 4185K, committed 4544K, reserved 1048576K
}
Event: 58.917 GC heap before
{Heap before GC invocations=35 (full 0):
 garbage-first heap   total 1048576K, used 839792K [0x0000000608800000, 0x0000000800000000)
  region size 4096K, 153 young (626688K), 10 survivors (40960K)
 Metaspace       used 39166K, committed 39872K, reserved 1114112K
  class space    used 4186K, committed 4544K, reserved 1048576K
}
Event: 58.946 GC heap after
{Heap after GC invocations=36 (full 0):
 garbage-first heap   total 1048576K, used 254085K [0x0000000608800000, 0x0000000800000000)
  region size 4096K, 10 young (40960K), 10 survivors (40960K)
 Metaspace       used 39166K, committed 39872K, reserved 1114112K
  class space    used 4186K, committed 4544K, reserved 1048576K
}
Event: 61.565 GC heap before
{Heap before GC invocations=36 (full 0):
 garbage-first heap   total 1048576K, used 839813K [0x0000000608800000, 0x0000000800000000)
  region size 4096K, 153 young (626688K), 10 survivors (40960K)
 Metaspace       used 39315K, committed 40000K, reserved 1114112K
  class space    used 4200K, committed 4544K, reserved 1048576K
}
Event: 61.616 GC heap after
{Heap after GC invocations=37 (full 0):
 garbage-first heap   total 1048576K, used 255369K [0x0000000608800000, 0x0000000800000000)
  region size 4096K, 10 young (40960K), 10 survivors (40960K)
 Metaspace       used 39315K, committed 40000K, reserved 1114112K
  class space    used 4200K, committed 4544K, reserved 1048576K
}
Event: 66.282 GC heap before
{Heap before GC invocations=37 (full 0):
 garbage-first heap   total 1048576K, used 841097K [0x0000000608800000, 0x0000000800000000)
  region size 4096K, 153 young (626688K), 10 survivors (40960K)
 Metaspace       used 39343K, committed 40000K, reserved 1114112K
  class space    used 4202K, committed 4544K, reserved 1048576K
}
Event: 66.311 GC heap after
{Heap after GC invocations=38 (full 0):
 garbage-first heap   total 1048576K, used 257568K [0x0000000608800000, 0x0000000800000000)
  region size 4096K, 10 young (40960K), 10 survivors (40960K)
 Metaspace       used 39343K, committed 40000K, reserved 1114112K
  class space    used 4202K, committed 4544K, reserved 1048576K
}
Event: 69.729 GC heap before
{Heap before GC invocations=38 (full 0):
 garbage-first heap   total 1048576K, used 843296K [0x0000000608800000, 0x0000000800000000)
  region size 4096K, 153 young (626688K), 10 survivors (40960K)
 Metaspace       used 40427K, committed 41088K, reserved 1114112K
  class space    used 4343K, committed 4672K, reserved 1048576K
}
Event: 69.886 GC heap after
{Heap after GC invocations=39 (full 0):
 garbage-first heap   total 1048576K, used 302069K [0x0000000608800000, 0x0000000800000000)
  region size 4096K, 20 young (81920K), 20 survivors (81920K)
 Metaspace       used 40427K, committed 41088K, reserved 1114112K
  class space    used 4343K, committed 4672K, reserved 1048576K
}
Event: 71.063 GC heap before
{Heap before GC invocations=39 (full 0):
 garbage-first heap   total 1048576K, used 846837K [0x0000000608800000, 0x0000000800000000)
  region size 4096K, 153 young (626688K), 20 survivors (81920K)
 Metaspace       used 40442K, committed 41152K, reserved 1114112K
  class space    used 4343K, committed 4672K, reserved 1048576K
}
Event: 71.153 GC heap after
{Heap after GC invocations=40 (full 0):
 garbage-first heap   total 1048576K, used 317798K [0x0000000608800000, 0x0000000800000000)
  region size 4096K, 5 young (20480K), 5 survivors (20480K)
 Metaspace       used 40442K, committed 41152K, reserved 1114112K
  class space    used 4343K, committed 4672K, reserved 1048576K
}
Event: 72.749 GC heap before
{Heap before GC invocations=40 (full 0):
 garbage-first heap   total 1048576K, used 870758K [0x0000000608800000, 0x0000000800000000)
  region size 4096K, 140 young (573440K), 5 survivors (20480K)
 Metaspace       used 40455K, committed 41152K, reserved 1114112K
  class space    used 4343K, committed 4672K, reserved 1048576K
}
Event: 72.851 GC heap after
{Heap after GC invocations=41 (full 0):
 garbage-first heap   total 1048576K, used 351001K [0x0000000608800000, 0x0000000800000000)
  region size 4096K, 13 young (53248K), 13 survivors (53248K)
 Metaspace       used 40455K, committed 41152K, reserved 1114112K
  class space    used 4343K, committed 4672K, reserved 1048576K
}
Event: 73.757 GC heap before
{Heap before GC invocations=41 (full 0):
 garbage-first heap   total 1048576K, used 858905K [0x0000000608800000, 0x0000000800000000)
  region size 4096K, 137 young (561152K), 13 survivors (53248K)
 Metaspace       used 40481K, committed 41152K, reserved 1114112K
  class space    used 4343K, committed 4672K, reserved 1048576K
}

