# JRE version: Java(TM) SE Runtime Environment (18.0.2.1+1) (build 18.0.2.1+1-1)
# Java VM: Java HotSpot(TM) 64-Bit Server VM (18.0.2.1+1-1, mixed mode, sharing, tiered, compressed oops, compressed class ptrs, g1 gc, windows-amd64)
GC Precious Log:
 CardTable entry size: 512
 Card Set container configuration: InlinePtr #cards 4 size 8 Array Of Cards #cards 32 size 80 Howl #buckets 8 coarsen threshold 7372 Howl Bitmap #cards 1024 size 144 coarsen threshold 921 Card regions per heap region 1 cards per card region 8192
 CPUs: 14 total, 14 available
 Memory: 32212M
 Large Page Support: Disabled
 NUMA Support: Disabled
 Compressed Oops: Enabled (Zero based)
 Heap Region Size: 4M
 Heap Min Capacity: 8M
 Heap Initial Capacity: 504M
 Heap Max Capacity: 8056M
 Pre-touch: Disabled
 Parallel Workers: 11
 Concurrent Workers: 3
 Concurrent Refinement Workers: 11
 Periodic GC: Disabled
Heap:
 garbage-first heap   total 1228800K, used 660610K [0x0000000608800000, 0x0000000800000000)
  region size 4096K, 75 young (307200K), 12 survivors (49152K)
 Metaspace       used 47188K, committed 47936K, reserved 1114112K
  class space    used 4984K, committed 5312K, reserved 1048576K
GC Heap History (20 events):
Event: 91.536 GC heap before
{Heap before GC invocations=52 (full 0):
 garbage-first heap   total 933888K, used 780331K [0x0000000608800000, 0x0000000800000000)
  region size 4096K, 108 young (442368K), 3 survivors (12288K)
 Metaspace       used 39930K, committed 40640K, reserved 1114112K
  class space    used 4267K, committed 4608K, reserved 1048576K
}
Event: 91.541 GC heap after
{Heap after GC invocations=53 (full 0):
 garbage-first heap   total 933888K, used 343452K [0x0000000608800000, 0x0000000800000000)
  region size 4096K, 1 young (4096K), 1 survivors (4096K)
 Metaspace       used 39930K, committed 40640K, reserved 1114112K
  class space    used 4267K, committed 4608K, reserved 1048576K
}
Event: 92.831 GC heap before
{Heap before GC invocations=53 (full 0):
 garbage-first heap   total 933888K, used 789916K [0x0000000608800000, 0x0000000800000000)
  region size 4096K, 110 young (450560K), 1 survivors (4096K)
 Metaspace       used 39950K, committed 40640K, reserved 1114112K
  class space    used 4267K, committed 4608K, reserved 1048576K
}
Event: 92.842 GC heap after
{Heap after GC invocations=54 (full 0):
 garbage-first heap   total 933888K, used 347471K [0x0000000608800000, 0x0000000800000000)
  region size 4096K, 2 young (8192K), 2 survivors (8192K)
 Metaspace       used 39950K, committed 40640K, reserved 1114112K
  class space    used 4267K, committed 4608K, reserved 1048576K
}
Event: 93.883 GC heap before
{Heap before GC invocations=54 (full 0):
 garbage-first heap   total 933888K, used 793935K [0x0000000608800000, 0x0000000800000000)
  region size 4096K, 111 young (454656K), 2 survivors (8192K)
 Metaspace       used 39951K, committed 40640K, reserved 1114112K
  class space    used 4267K, committed 4608K, reserved 1048576K
}
Event: 93.944 GC heap after
{Heap after GC invocations=55 (full 0):
 garbage-first heap   total 933888K, used 383489K [0x0000000608800000, 0x0000000800000000)
  region size 4096K, 11 young (45056K), 11 survivors (45056K)
 Metaspace       used 39951K, committed 40640K, reserved 1114112K
  class space    used 4267K, committed 4608K, reserved 1048576K
}
Event: 94.816 GC heap before
{Heap before GC invocations=55 (full 0):
 garbage-first heap   total 933888K, used 780801K [0x0000000608800000, 0x0000000800000000)
  region size 4096K, 108 young (442368K), 11 survivors (45056K)
 Metaspace       used 39960K, committed 40640K, reserved 1114112K
  class space    used 4267K, committed 4608K, reserved 1048576K
}
Event: 94.843 GC heap after
{Heap after GC invocations=56 (full 0):
 garbage-first heap   total 1228800K, used 355509K [0x0000000608800000, 0x0000000800000000)
  region size 4096K, 4 young (16384K), 4 survivors (16384K)
 Metaspace       used 39960K, committed 40640K, reserved 1114112K
  class space    used 4267K, committed 4608K, reserved 1048576K
}
Event: 96.593 GC heap before
{Heap before GC invocations=56 (full 0):
 garbage-first heap   total 1228800K, used 1010869K [0x0000000608800000, 0x0000000800000000)
  region size 4096K, 164 young (671744K), 4 survivors (16384K)
 Metaspace       used 39981K, committed 40704K, reserved 1114112K
  class space    used 4267K, committed 4608K, reserved 1048576K
}
Event: 96.632 GC heap after
{Heap after GC invocations=57 (full 0):
 garbage-first heap   total 1228800K, used 377717K [0x0000000608800000, 0x0000000800000000)
  region size 4096K, 9 young (36864K), 9 survivors (36864K)
 Metaspace       used 39981K, committed 40704K, reserved 1114112K
  class space    used 4267K, committed 4608K, reserved 1048576K
}
Event: 98.868 GC heap before
{Heap before GC invocations=57 (full 0):
 garbage-first heap   total 1228800K, used 1000309K [0x0000000608800000, 0x0000000800000000)
  region size 4096K, 161 young (659456K), 9 survivors (36864K)
 Metaspace       used 39996K, committed 40704K, reserved 1114112K
  class space    used 4267K, committed 4608K, reserved 1048576K
}
Event: 98.948 GC heap after
{Heap after GC invocations=58 (full 0):
 garbage-first heap   total 1228800K, used 385114K [0x0000000608800000, 0x0000000800000000)
  region size 4096K, 11 young (45056K), 11 survivors (45056K)
 Metaspace       used 39996K, committed 40704K, reserved 1114112K
  class space    used 4267K, committed 4608K, reserved 1048576K
}
Event: 100.944 GC heap before
{Heap before GC invocations=58 (full 0):
 garbage-first heap   total 1228800K, used 999514K [0x0000000608800000, 0x0000000800000000)
  region size 4096K, 161 young (659456K), 11 survivors (45056K)
 Metaspace       used 39999K, committed 40704K, reserved 1114112K
  class space    used 4267K, committed 4608K, reserved 1048576K
}
Event: 101.023 GC heap after
{Heap after GC invocations=59 (full 0):
 garbage-first heap   total 1228800K, used 381561K [0x0000000608800000, 0x0000000800000000)
  region size 4096K, 10 young (40960K), 10 survivors (40960K)
 Metaspace       used 39999K, committed 40704K, reserved 1114112K
  class space    used 4267K, committed 4608K, reserved 1048576K
}
Event: 108.087 GC heap before
{Heap before GC invocations=59 (full 0):
 garbage-first heap   total 1228800K, used 995961K [0x0000000608800000, 0x0000000800000000)
  region size 4096K, 160 young (655360K), 10 survivors (40960K)
 Metaspace       used 42640K, committed 43328K, reserved 1114112K
  class space    used 4501K, committed 4800K, reserved 1048576K
}
Event: 108.125 GC heap after
{Heap after GC invocations=60 (full 0):
 garbage-first heap   total 1228800K, used 380176K [0x0000000608800000, 0x0000000800000000)
  region size 4096K, 10 young (40960K), 10 survivors (40960K)
 Metaspace       used 42640K, committed 43328K, reserved 1114112K
  class space    used 4501K, committed 4800K, reserved 1048576K
}
Event: 118.206 GC heap before
{Heap before GC invocations=60 (full 0):
 garbage-first heap   total 1228800K, used 1006864K [0x0000000608800000, 0x0000000800000000)
  region size 4096K, 163 young (667648K), 10 survivors (40960K)
 Metaspace       used 43010K, committed 43712K, reserved 1114112K
  class space    used 4521K, committed 4864K, reserved 1048576K
}
Event: 118.253 GC heap after
{Heap after GC invocations=61 (full 0):
 garbage-first heap   total 1228800K, used 393098K [0x0000000608800000, 0x0000000800000000)
  region size 4096K, 13 young (53248K), 13 survivors (53248K)
 Metaspace       used 43010K, committed 43712K, reserved 1114112K
  class space    used 4521K, committed 4864K, reserved 1048576K
}
Event: 123.664 GC heap before
{Heap before GC invocations=61 (full 0):
 garbage-first heap   total 1228800K, used 1019786K [0x0000000608800000, 0x0000000800000000)
  region size 4096K, 166 young (679936K), 13 survivors (53248K)
 Metaspace       used 43283K, committed 43968K, reserved 1114112K
  class space    used 4532K, committed 4864K, reserved 1048576K
}
Event: 123.717 GC heap after
{Heap after GC invocations=62 (full 0):
 garbage-first heap   total 1228800K, used 406658K [0x0000000608800000, 0x0000000800000000)
  region size 4096K, 12 young (49152K), 12 survivors (49152K)
 Metaspace       used 43283K, committed 43968K, reserved 1114112K
  class space    used 4532K, committed 4864K, reserved 1048576K
}

